  prefix.cpp
  main.cpp
  scene.cpp
  utility.cpp
  billboard.cpp
  cube.cpp
  cylinder.cpp
  disc.cpp
D:\cxdownload\assig-base2022\assig-base2022\basicsource\scene.cpp(43,10): error C1083: Cannot open include file: 'objects-student/wheel.h': No such file or directory
  extrusion.cpp
  (compiling source file '/basicsource/scene.cpp')
  
  particle.cpp
  particlesys.cpp
  plane.cpp
  sphere.cpp
  sweep.cpp
  terrain.cpp
  torus.cpp
  tsphere.cpp
  camera.cpp
  face.cpp
  fog.cpp
  light.cpp
  Generating Code...
  Compiling...
  matrix.cpp
  object3d.cpp
  platform.cpp
  skybox.cpp
  snd.cpp
  texture.cpp
  vectr.cpp
  vertex.cpp
  viewfrustum.cpp
  fragmentshader.cpp
  Noise3DTexture.cpp
  shaderprogram.cpp
  vertexshader.cpp
  wheel.cpp
  Generating Code...
