d:\cxdownload\assig-base2022\assig-base2022\build\assig2.pch
d:\cxdownload\assig-base2022\assig-base2022\build\vc145.pdb
d:\cxdownload\assig-base2022\assig-base2022\build\prefix.obj
d:\cxdownload\assig-base2022\assig-base2022\build\light.obj
d:\cxdownload\assig-base2022\assig-base2022\build\fog.obj
d:\cxdownload\assig-base2022\assig-base2022\build\face.obj
d:\cxdownload\assig-base2022\assig-base2022\build\camera.obj
d:\cxdownload\assig-base2022\assig-base2022\build\tsphere.obj
d:\cxdownload\assig-base2022\assig-base2022\build\torus.obj
d:\cxdownload\assig-base2022\assig-base2022\build\terrain.obj
d:\cxdownload\assig-base2022\assig-base2022\build\sweep.obj
d:\cxdownload\assig-base2022\assig-base2022\build\sphere.obj
d:\cxdownload\assig-base2022\assig-base2022\build\plane.obj
d:\cxdownload\assig-base2022\assig-base2022\build\particlesys.obj
d:\cxdownload\assig-base2022\assig-base2022\build\particle.obj
d:\cxdownload\assig-base2022\assig-base2022\build\extrusion.obj
d:\cxdownload\assig-base2022\assig-base2022\build\disc.obj
d:\cxdownload\assig-base2022\assig-base2022\build\cylinder.obj
d:\cxdownload\assig-base2022\assig-base2022\build\cube.obj
d:\cxdownload\assig-base2022\assig-base2022\build\billboard.obj
d:\cxdownload\assig-base2022\assig-base2022\build\utility.obj
d:\cxdownload\assig-base2022\assig-base2022\build\scene.obj
d:\cxdownload\assig-base2022\assig-base2022\build\main.obj
d:\cxdownload\assig-base2022\assig-base2022\build\vertexshader.obj
d:\cxdownload\assig-base2022\assig-base2022\build\shaderprogram.obj
d:\cxdownload\assig-base2022\assig-base2022\build\noise3dtexture.obj
d:\cxdownload\assig-base2022\assig-base2022\build\fragmentshader.obj
d:\cxdownload\assig-base2022\assig-base2022\build\viewfrustum.obj
d:\cxdownload\assig-base2022\assig-base2022\build\vertex.obj
d:\cxdownload\assig-base2022\assig-base2022\build\vectr.obj
d:\cxdownload\assig-base2022\assig-base2022\build\texture.obj
d:\cxdownload\assig-base2022\assig-base2022\build\snd.obj
d:\cxdownload\assig-base2022\assig-base2022\build\skybox.obj
d:\cxdownload\assig-base2022\assig-base2022\build\platform.obj
d:\cxdownload\assig-base2022\assig-base2022\build\object3d.obj
d:\cxdownload\assig-base2022\assig-base2022\build\matrix.obj
d:\cxdownload\assig-base2022\assig-base2022\build\assig2.exe
d:\cxdownload\assig-base2022\assig-base2022\build\assig2.tlog\cl.command.1.tlog
d:\cxdownload\assig-base2022\assig-base2022\build\assig2.tlog\cl.items.tlog
d:\cxdownload\assig-base2022\assig-base2022\build\assig2.tlog\cl.read.1.tlog
d:\cxdownload\assig-base2022\assig-base2022\build\assig2.tlog\cl.write.1.tlog
d:\cxdownload\assig-base2022\assig-base2022\build\assig2.tlog\link.command.1.tlog
d:\cxdownload\assig-base2022\assig-base2022\build\assig2.tlog\link.read.1.tlog
d:\cxdownload\assig-base2022\assig-base2022\build\assig2.tlog\link.secondary.1.tlog
d:\cxdownload\assig-base2022\assig-base2022\build\assig2.tlog\link.write.1.tlog
