d:\projects\computergrapichs\build\assig2.pch
d:\projects\computergrapichs\build\vc145.pdb
d:\projects\computergrapichs\build\prefix.obj
d:\projects\computergrapichs\build\face.obj
d:\projects\computergrapichs\build\camera.obj
d:\projects\computergrapichs\build\composite2.obj
d:\projects\computergrapichs\build\composite1.obj
d:\projects\computergrapichs\build\tsphere.obj
d:\projects\computergrapichs\build\torus.obj
d:\projects\computergrapichs\build\terrain.obj
d:\projects\computergrapichs\build\sweep.obj
d:\projects\computergrapichs\build\sphere.obj
d:\projects\computergrapichs\build\plane.obj
d:\projects\computergrapichs\build\particlesys.obj
d:\projects\computergrapichs\build\particle.obj
d:\projects\computergrapichs\build\extrusion.obj
d:\projects\computergrapichs\build\disc.obj
d:\projects\computergrapichs\build\cylinder.obj
d:\projects\computergrapichs\build\cube.obj
d:\projects\computergrapichs\build\billboard.obj
d:\projects\computergrapichs\build\utility.obj
d:\projects\computergrapichs\build\scene.obj
d:\projects\computergrapichs\build\main.obj
d:\projects\computergrapichs\build\vertexshader.obj
d:\projects\computergrapichs\build\shaderprogram.obj
d:\projects\computergrapichs\build\noise3dtexture.obj
d:\projects\computergrapichs\build\fragmentshader.obj
d:\projects\computergrapichs\build\viewfrustum.obj
d:\projects\computergrapichs\build\vertex.obj
d:\projects\computergrapichs\build\vectr.obj
d:\projects\computergrapichs\build\texture.obj
d:\projects\computergrapichs\build\snd.obj
d:\projects\computergrapichs\build\skybox.obj
d:\projects\computergrapichs\build\platform.obj
d:\projects\computergrapichs\build\object3d.obj
d:\projects\computergrapichs\build\matrix.obj
d:\projects\computergrapichs\build\light.obj
d:\projects\computergrapichs\build\fog.obj
d:\projects\computergrapichs\build\assig2.exe
d:\projects\computergrapichs\build\assig2.tlog\cl.command.1.tlog
d:\projects\computergrapichs\build\assig2.tlog\cl.items.tlog
d:\projects\computergrapichs\build\assig2.tlog\cl.read.1.tlog
d:\projects\computergrapichs\build\assig2.tlog\cl.write.1.tlog
d:\projects\computergrapichs\build\assig2.tlog\link.command.1.tlog
d:\projects\computergrapichs\build\assig2.tlog\link.read.1.tlog
d:\projects\computergrapichs\build\assig2.tlog\link.secondary.1.tlog
d:\projects\computergrapichs\build\assig2.tlog\link.write.1.tlog
